<?xml version="1.0" encoding="UTF-8"?>
<!-- Generated by org.testng.reporters.JUnitReportReporter -->
<testsuite hostname="LAPTOP-Q1P4S741" failures="0" tests="9" name="com.bdd.runner.TestRunner" time="38.456" errors="0" timestamp="2022-05-18T11:47:32 CEST" skipped="0">
  <testcase classname="com.bdd.runner.TestRunner" name="runScenario" time="7.244"/>
  <system-out/>
  <testcase classname="com.bdd.runner.TestRunner" name="runScenario" time="3.905"/>
  <system-out/>
  <testcase classname="com.bdd.runner.TestRunner" name="runScenario" time="4.117"/>
  <system-out/>
  <testcase classname="com.bdd.runner.TestRunner" name="runScenario" time="3.584"/>
  <system-out/>
  <testcase classname="com.bdd.runner.TestRunner" name="runScenario" time="5.503"/>
  <system-out/>
  <testcase classname="com.bdd.runner.TestRunner" name="runScenario" time="3.613"/>
  <system-out/>
  <testcase classname="com.bdd.runner.TestRunner" name="runScenario" time="3.550"/>
  <system-out/>
  <testcase classname="com.bdd.runner.TestRunner" name="runScenario" time="3.416"/>
  <system-out/>
  <testcase classname="com.bdd.runner.TestRunner" name="runScenario" time="3.524"/>
  <system-out/>
</testsuite> <!-- com.bdd.runner.TestRunner -->
