<?xml version="1.0" encoding="UTF-8"?>
<!-- Generated by org.testng.reporters.JUnitReportReporter -->
<testsuite hostname="LAPTOP-Q1P4S741" failures="0" tests="9" name="com.bdd.runner.TestRunner" time="33.730" errors="0" timestamp="2021-12-12T14:49:05 CET" skipped="0">
  <testcase classname="com.bdd.runner.TestRunner" name="runScenario" time="2.791"/>
  <system-out/>
  <testcase classname="com.bdd.runner.TestRunner" name="runScenario" time="2.921"/>
  <system-out/>
  <testcase classname="com.bdd.runner.TestRunner" name="runScenario" time="7.467"/>
  <system-out/>
  <testcase classname="com.bdd.runner.TestRunner" name="runScenario" time="2.959"/>
  <system-out/>
  <testcase classname="com.bdd.runner.TestRunner" name="runScenario" time="2.757"/>
  <system-out/>
  <testcase classname="com.bdd.runner.TestRunner" name="runScenario" time="2.713"/>
  <system-out/>
  <testcase classname="com.bdd.runner.TestRunner" name="runScenario" time="6.225"/>
  <system-out/>
  <testcase classname="com.bdd.runner.TestRunner" name="runScenario" time="3.050"/>
  <system-out/>
  <testcase classname="com.bdd.runner.TestRunner" name="runScenario" time="2.847"/>
  <system-out/>
</testsuite> <!-- com.bdd.runner.TestRunner -->
