<?xml version="1.0" encoding="UTF-8"?>
<!-- Generated by org.testng.reporters.JUnitReportReporter -->
<testsuite hostname="LAPTOP-Q1P4S741" failures="0" tests="1" name="TestHomePage" time="0.011" errors="0" timestamp="2021-10-23T18:42:30 CEST" skipped="0">
  <testcase classname="TestHomePage" name="test1" time="0.011"/>
  <system-out/>
</testsuite> <!-- TestHomePage -->
