<?xml version="1.0" encoding="UTF-8"?>
<!-- Generated by org.testng.reporters.JUnitReportReporter -->
<testsuite hostname="LAPTOP-Q1P4S741" failures="0" tests="45" name="com.bdd.runner.TestRunner" time="137.479" errors="0" timestamp="2022-04-23T11:04:21 CEST" skipped="0">
  <testcase classname="com.bdd.runner.TestRunner" name="runScenario" time="2.646"/>
  <system-out/>
  <testcase classname="com.bdd.runner.TestRunner" name="runScenario" time="0.985"/>
  <system-out/>
  <testcase classname="com.bdd.runner.TestRunner" name="runScenario" time="5.878"/>
  <system-out/>
  <testcase classname="com.bdd.runner.TestRunner" name="runScenario" time="1.546"/>
  <system-out/>
  <testcase classname="com.bdd.runner.TestRunner" name="runScenario" time="0.572"/>
  <system-out/>
  <testcase classname="com.bdd.runner.TestRunner" name="runScenario" time="3.528"/>
  <system-out/>
  <testcase classname="com.bdd.runner.TestRunner" name="runScenario" time="4.879"/>
  <system-out/>
  <testcase classname="com.bdd.runner.TestRunner" name="runScenario" time="3.228"/>
  <system-out/>
  <testcase classname="com.bdd.runner.TestRunner" name="runScenario" time="5.448"/>
  <system-out/>
  <testcase classname="com.bdd.runner.TestRunner" name="runScenario" time="0.773"/>
  <system-out/>
  <testcase classname="com.bdd.runner.TestRunner" name="runScenario" time="4.667"/>
  <system-out/>
  <testcase classname="com.bdd.runner.TestRunner" name="runScenario" time="3.168"/>
  <system-out/>
  <testcase classname="com.bdd.runner.TestRunner" name="runScenario" time="1.899"/>
  <system-out/>
  <testcase classname="com.bdd.runner.TestRunner" name="runScenario" time="3.233"/>
  <system-out/>
  <testcase classname="com.bdd.runner.TestRunner" name="runScenario" time="1.134"/>
  <system-out/>
  <testcase classname="com.bdd.runner.TestRunner" name="runScenario" time="1.402"/>
  <system-out/>
  <testcase classname="com.bdd.runner.TestRunner" name="runScenario" time="3.116"/>
  <system-out/>
  <testcase classname="com.bdd.runner.TestRunner" name="runScenario" time="4.848"/>
  <system-out/>
  <testcase classname="com.bdd.runner.TestRunner" name="runScenario" time="11.711"/>
  <system-out/>
  <testcase classname="com.bdd.runner.TestRunner" name="runScenario" time="4.028"/>
  <system-out/>
  <testcase classname="com.bdd.runner.TestRunner" name="runScenario" time="5.506"/>
  <system-out/>
  <testcase classname="com.bdd.runner.TestRunner" name="runScenario" time="5.487"/>
  <system-out/>
  <testcase classname="com.bdd.runner.TestRunner" name="runScenario" time="3.096"/>
  <system-out/>
  <testcase classname="com.bdd.runner.TestRunner" name="runScenario" time="1.346"/>
  <system-out/>
  <testcase classname="com.bdd.runner.TestRunner" name="runScenario" time="1.465"/>
  <system-out/>
  <testcase classname="com.bdd.runner.TestRunner" name="runScenario" time="2.689"/>
  <system-out/>
  <testcase classname="com.bdd.runner.TestRunner" name="runScenario" time="4.546"/>
  <system-out/>
  <testcase classname="com.bdd.runner.TestRunner" name="runScenario" time="0.585"/>
  <system-out/>
  <testcase classname="com.bdd.runner.TestRunner" name="runScenario" time="4.349"/>
  <system-out/>
  <testcase classname="com.bdd.runner.TestRunner" name="runScenario" time="0.592"/>
  <system-out/>
  <testcase classname="com.bdd.runner.TestRunner" name="runScenario" time="0.311"/>
  <system-out/>
  <testcase classname="com.bdd.runner.TestRunner" name="runScenario" time="1.708"/>
  <system-out/>
  <testcase classname="com.bdd.runner.TestRunner" name="runScenario" time="3.580"/>
  <system-out/>
  <testcase classname="com.bdd.runner.TestRunner" name="runScenario" time="3.376"/>
  <system-out/>
  <testcase classname="com.bdd.runner.TestRunner" name="runScenario" time="6.302"/>
  <system-out/>
  <testcase classname="com.bdd.runner.TestRunner" name="runScenario" time="0.367"/>
  <system-out/>
  <testcase classname="com.bdd.runner.TestRunner" name="runScenario" time="3.133"/>
  <system-out/>
  <testcase classname="com.bdd.runner.TestRunner" name="runScenario" time="1.697"/>
  <system-out/>
  <testcase classname="com.bdd.runner.TestRunner" name="runScenario" time="3.466"/>
  <system-out/>
  <testcase classname="com.bdd.runner.TestRunner" name="runScenario" time="1.226"/>
  <system-out/>
  <testcase classname="com.bdd.runner.TestRunner" name="runScenario" time="1.122"/>
  <system-out/>
  <testcase classname="com.bdd.runner.TestRunner" name="runScenario" time="3.528"/>
  <system-out/>
  <testcase classname="com.bdd.runner.TestRunner" name="runScenario" time="3.410"/>
  <system-out/>
  <testcase classname="com.bdd.runner.TestRunner" name="runScenario" time="5.363"/>
  <system-out/>
  <testcase classname="com.bdd.runner.TestRunner" name="runScenario" time="0.540"/>
  <system-out/>
</testsuite> <!-- com.bdd.runner.TestRunner -->
