<?xml version="1.0" encoding="UTF-8"?>
<!-- Generated by org.testng.reporters.JUnitReportReporter -->
<testsuite hostname="LAPTOP-Q1P4S741" failures="0" tests="1" name="com.bdd.runner.TestRunner" time="9.374" errors="0" timestamp="2021-12-03T18:05:03 CET" skipped="0">
  <testcase classname="com.bdd.runner.TestRunner" name="runScenario" time="9.374"/>
  <system-out/>
</testsuite> <!-- com.bdd.runner.TestRunner -->
