<?xml version="1.0" encoding="UTF-8"?>
<!-- Generated by org.testng.reporters.JUnitReportReporter -->
<testsuite hostname="LAPTOP-Q1P4S741" failures="0" tests="45" name="com.bdd.runner.TestRunner" time="135.506" errors="0" timestamp="2022-06-25T21:46:00 CEST" skipped="0">
  <testcase classname="com.bdd.runner.TestRunner" name="runScenario" time="1.209"/>
  <system-out/>
  <testcase classname="com.bdd.runner.TestRunner" name="runScenario" time="2.204"/>
  <system-out/>
  <testcase classname="com.bdd.runner.TestRunner" name="runScenario" time="0.930"/>
  <system-out/>
  <testcase classname="com.bdd.runner.TestRunner" name="runScenario" time="2.942"/>
  <system-out/>
  <testcase classname="com.bdd.runner.TestRunner" name="runScenario" time="0.918"/>
  <system-out/>
  <testcase classname="com.bdd.runner.TestRunner" name="runScenario" time="2.598"/>
  <system-out/>
  <testcase classname="com.bdd.runner.TestRunner" name="runScenario" time="2.283"/>
  <system-out/>
  <testcase classname="com.bdd.runner.TestRunner" name="runScenario" time="0.871"/>
  <system-out/>
  <testcase classname="com.bdd.runner.TestRunner" name="runScenario" time="2.831"/>
  <system-out/>
  <testcase classname="com.bdd.runner.TestRunner" name="runScenario" time="2.914"/>
  <system-out/>
  <testcase classname="com.bdd.runner.TestRunner" name="runScenario" time="3.897"/>
  <system-out/>
  <testcase classname="com.bdd.runner.TestRunner" name="runScenario" time="7.586"/>
  <system-out/>
  <testcase classname="com.bdd.runner.TestRunner" name="runScenario" time="2.963"/>
  <system-out/>
  <testcase classname="com.bdd.runner.TestRunner" name="runScenario" time="0.365"/>
  <system-out/>
  <testcase classname="com.bdd.runner.TestRunner" name="runScenario" time="5.482"/>
  <system-out/>
  <testcase classname="com.bdd.runner.TestRunner" name="runScenario" time="1.516"/>
  <system-out/>
  <testcase classname="com.bdd.runner.TestRunner" name="runScenario" time="3.326"/>
  <system-out/>
  <testcase classname="com.bdd.runner.TestRunner" name="runScenario" time="0.484"/>
  <system-out/>
  <testcase classname="com.bdd.runner.TestRunner" name="runScenario" time="2.633"/>
  <system-out/>
  <testcase classname="com.bdd.runner.TestRunner" name="runScenario" time="0.452"/>
  <system-out/>
  <testcase classname="com.bdd.runner.TestRunner" name="runScenario" time="3.866"/>
  <system-out/>
  <testcase classname="com.bdd.runner.TestRunner" name="runScenario" time="1.311"/>
  <system-out/>
  <testcase classname="com.bdd.runner.TestRunner" name="runScenario" time="3.440"/>
  <system-out/>
  <testcase classname="com.bdd.runner.TestRunner" name="runScenario" time="5.341"/>
  <system-out/>
  <testcase classname="com.bdd.runner.TestRunner" name="runScenario" time="5.488"/>
  <system-out/>
  <testcase classname="com.bdd.runner.TestRunner" name="runScenario" time="0.644"/>
  <system-out/>
  <testcase classname="com.bdd.runner.TestRunner" name="runScenario" time="0.278"/>
  <system-out/>
  <testcase classname="com.bdd.runner.TestRunner" name="runScenario" time="2.957"/>
  <system-out/>
  <testcase classname="com.bdd.runner.TestRunner" name="runScenario" time="8.262"/>
  <system-out/>
  <testcase classname="com.bdd.runner.TestRunner" name="runScenario" time="4.954"/>
  <system-out/>
  <testcase classname="com.bdd.runner.TestRunner" name="runScenario" time="2.485"/>
  <system-out/>
  <testcase classname="com.bdd.runner.TestRunner" name="runScenario" time="5.580"/>
  <system-out/>
  <testcase classname="com.bdd.runner.TestRunner" name="runScenario" time="2.653"/>
  <system-out/>
  <testcase classname="com.bdd.runner.TestRunner" name="runScenario" time="3.084"/>
  <system-out/>
  <testcase classname="com.bdd.runner.TestRunner" name="runScenario" time="1.248"/>
  <system-out/>
  <testcase classname="com.bdd.runner.TestRunner" name="runScenario" time="1.426"/>
  <system-out/>
  <testcase classname="com.bdd.runner.TestRunner" name="runScenario" time="15.933"/>
  <system-out/>
  <testcase classname="com.bdd.runner.TestRunner" name="runScenario" time="2.921"/>
  <system-out/>
  <testcase classname="com.bdd.runner.TestRunner" name="runScenario" time="0.335"/>
  <system-out/>
  <testcase classname="com.bdd.runner.TestRunner" name="runScenario" time="5.002"/>
  <system-out/>
  <testcase classname="com.bdd.runner.TestRunner" name="runScenario" time="1.082"/>
  <system-out/>
  <testcase classname="com.bdd.runner.TestRunner" name="runScenario" time="3.223"/>
  <system-out/>
  <testcase classname="com.bdd.runner.TestRunner" name="runScenario" time="0.291"/>
  <system-out/>
  <testcase classname="com.bdd.runner.TestRunner" name="runScenario" time="3.017"/>
  <system-out/>
  <testcase classname="com.bdd.runner.TestRunner" name="runScenario" time="2.281"/>
  <system-out/>
</testsuite> <!-- com.bdd.runner.TestRunner -->
