<?xml version="1.0" encoding="UTF-8"?>
<!-- Generated by org.testng.reporters.JUnitReportReporter -->
<testsuite hostname="LAPTOP-Q1P4S741" failures="0" tests="45" name="com.bdd.runner.TestRunner" time="109.577" errors="0" timestamp="2022-04-23T16:12:48 CEST" skipped="0">
  <testcase classname="com.bdd.runner.TestRunner" name="runScenario" time="0.397"/>
  <system-out/>
  <testcase classname="com.bdd.runner.TestRunner" name="runScenario" time="0.269"/>
  <system-out/>
  <testcase classname="com.bdd.runner.TestRunner" name="runScenario" time="4.920"/>
  <system-out/>
  <testcase classname="com.bdd.runner.TestRunner" name="runScenario" time="5.510"/>
  <system-out/>
  <testcase classname="com.bdd.runner.TestRunner" name="runScenario" time="3.298"/>
  <system-out/>
  <testcase classname="com.bdd.runner.TestRunner" name="runScenario" time="0.384"/>
  <system-out/>
  <testcase classname="com.bdd.runner.TestRunner" name="runScenario" time="3.195"/>
  <system-out/>
  <testcase classname="com.bdd.runner.TestRunner" name="runScenario" time="1.145"/>
  <system-out/>
  <testcase classname="com.bdd.runner.TestRunner" name="runScenario" time="0.527"/>
  <system-out/>
  <testcase classname="com.bdd.runner.TestRunner" name="runScenario" time="2.923"/>
  <system-out/>
  <testcase classname="com.bdd.runner.TestRunner" name="runScenario" time="2.910"/>
  <system-out/>
  <testcase classname="com.bdd.runner.TestRunner" name="runScenario" time="0.552"/>
  <system-out/>
  <testcase classname="com.bdd.runner.TestRunner" name="runScenario" time="1.301"/>
  <system-out/>
  <testcase classname="com.bdd.runner.TestRunner" name="runScenario" time="1.483"/>
  <system-out/>
  <testcase classname="com.bdd.runner.TestRunner" name="runScenario" time="3.631"/>
  <system-out/>
  <testcase classname="com.bdd.runner.TestRunner" name="runScenario" time="2.940"/>
  <system-out/>
  <testcase classname="com.bdd.runner.TestRunner" name="runScenario" time="2.855"/>
  <system-out/>
  <testcase classname="com.bdd.runner.TestRunner" name="runScenario" time="0.326"/>
  <system-out/>
  <testcase classname="com.bdd.runner.TestRunner" name="runScenario" time="2.478"/>
  <system-out/>
  <testcase classname="com.bdd.runner.TestRunner" name="runScenario" time="2.966"/>
  <system-out/>
  <testcase classname="com.bdd.runner.TestRunner" name="runScenario" time="2.915"/>
  <system-out/>
  <testcase classname="com.bdd.runner.TestRunner" name="runScenario" time="3.003"/>
  <system-out/>
  <testcase classname="com.bdd.runner.TestRunner" name="runScenario" time="7.136"/>
  <system-out/>
  <testcase classname="com.bdd.runner.TestRunner" name="runScenario" time="1.728"/>
  <system-out/>
  <testcase classname="com.bdd.runner.TestRunner" name="runScenario" time="3.171"/>
  <system-out/>
  <testcase classname="com.bdd.runner.TestRunner" name="runScenario" time="2.755"/>
  <system-out/>
  <testcase classname="com.bdd.runner.TestRunner" name="runScenario" time="6.868"/>
  <system-out/>
  <testcase classname="com.bdd.runner.TestRunner" name="runScenario" time="2.913"/>
  <system-out/>
  <testcase classname="com.bdd.runner.TestRunner" name="runScenario" time="3.269"/>
  <system-out/>
  <testcase classname="com.bdd.runner.TestRunner" name="runScenario" time="1.813"/>
  <system-out/>
  <testcase classname="com.bdd.runner.TestRunner" name="runScenario" time="0.632"/>
  <system-out/>
  <testcase classname="com.bdd.runner.TestRunner" name="runScenario" time="1.243"/>
  <system-out/>
  <testcase classname="com.bdd.runner.TestRunner" name="runScenario" time="3.106"/>
  <system-out/>
  <testcase classname="com.bdd.runner.TestRunner" name="runScenario" time="0.916"/>
  <system-out/>
  <testcase classname="com.bdd.runner.TestRunner" name="runScenario" time="3.241"/>
  <system-out/>
  <testcase classname="com.bdd.runner.TestRunner" name="runScenario" time="1.423"/>
  <system-out/>
  <testcase classname="com.bdd.runner.TestRunner" name="runScenario" time="2.301"/>
  <system-out/>
  <testcase classname="com.bdd.runner.TestRunner" name="runScenario" time="2.651"/>
  <system-out/>
  <testcase classname="com.bdd.runner.TestRunner" name="runScenario" time="2.560"/>
  <system-out/>
  <testcase classname="com.bdd.runner.TestRunner" name="runScenario" time="1.258"/>
  <system-out/>
  <testcase classname="com.bdd.runner.TestRunner" name="runScenario" time="2.669"/>
  <system-out/>
  <testcase classname="com.bdd.runner.TestRunner" name="runScenario" time="2.932"/>
  <system-out/>
  <testcase classname="com.bdd.runner.TestRunner" name="runScenario" time="0.900"/>
  <system-out/>
  <testcase classname="com.bdd.runner.TestRunner" name="runScenario" time="3.194"/>
  <system-out/>
  <testcase classname="com.bdd.runner.TestRunner" name="runScenario" time="0.970"/>
  <system-out/>
</testsuite> <!-- com.bdd.runner.TestRunner -->
