<?xml version="1.0" encoding="UTF-8"?>
<!-- Generated by org.testng.reporters.JUnitReportReporter -->
<testsuite hostname="LAPTOP-Q1P4S741" failures="0" tests="45" name="com.bdd.runner.TestRunner" time="135.414" errors="0" timestamp="2022-06-22T10:02:23 CEST" skipped="0">
  <testcase classname="com.bdd.runner.TestRunner" name="runScenario" time="1.716"/>
  <system-out/>
  <testcase classname="com.bdd.runner.TestRunner" name="runScenario" time="1.147"/>
  <system-out/>
  <testcase classname="com.bdd.runner.TestRunner" name="runScenario" time="4.037"/>
  <system-out/>
  <testcase classname="com.bdd.runner.TestRunner" name="runScenario" time="2.085"/>
  <system-out/>
  <testcase classname="com.bdd.runner.TestRunner" name="runScenario" time="3.359"/>
  <system-out/>
  <testcase classname="com.bdd.runner.TestRunner" name="runScenario" time="6.458"/>
  <system-out/>
  <testcase classname="com.bdd.runner.TestRunner" name="runScenario" time="0.531"/>
  <system-out/>
  <testcase classname="com.bdd.runner.TestRunner" name="runScenario" time="0.884"/>
  <system-out/>
  <testcase classname="com.bdd.runner.TestRunner" name="runScenario" time="0.367"/>
  <system-out/>
  <testcase classname="com.bdd.runner.TestRunner" name="runScenario" time="1.385"/>
  <system-out/>
  <testcase classname="com.bdd.runner.TestRunner" name="runScenario" time="3.482"/>
  <system-out/>
  <testcase classname="com.bdd.runner.TestRunner" name="runScenario" time="3.504"/>
  <system-out/>
  <testcase classname="com.bdd.runner.TestRunner" name="runScenario" time="3.769"/>
  <system-out/>
  <testcase classname="com.bdd.runner.TestRunner" name="runScenario" time="3.790"/>
  <system-out/>
  <testcase classname="com.bdd.runner.TestRunner" name="runScenario" time="1.539"/>
  <system-out/>
  <testcase classname="com.bdd.runner.TestRunner" name="runScenario" time="3.735"/>
  <system-out/>
  <testcase classname="com.bdd.runner.TestRunner" name="runScenario" time="1.905"/>
  <system-out/>
  <testcase classname="com.bdd.runner.TestRunner" name="runScenario" time="1.166"/>
  <system-out/>
  <testcase classname="com.bdd.runner.TestRunner" name="runScenario" time="4.213"/>
  <system-out/>
  <testcase classname="com.bdd.runner.TestRunner" name="runScenario" time="0.675"/>
  <system-out/>
  <testcase classname="com.bdd.runner.TestRunner" name="runScenario" time="0.572"/>
  <system-out/>
  <testcase classname="com.bdd.runner.TestRunner" name="runScenario" time="0.482"/>
  <system-out/>
  <testcase classname="com.bdd.runner.TestRunner" name="runScenario" time="2.519"/>
  <system-out/>
  <testcase classname="com.bdd.runner.TestRunner" name="runScenario" time="8.743"/>
  <system-out/>
  <testcase classname="com.bdd.runner.TestRunner" name="runScenario" time="3.237"/>
  <system-out/>
  <testcase classname="com.bdd.runner.TestRunner" name="runScenario" time="3.911"/>
  <system-out/>
  <testcase classname="com.bdd.runner.TestRunner" name="runScenario" time="3.096"/>
  <system-out/>
  <testcase classname="com.bdd.runner.TestRunner" name="runScenario" time="3.659"/>
  <system-out/>
  <testcase classname="com.bdd.runner.TestRunner" name="runScenario" time="4.052"/>
  <system-out/>
  <testcase classname="com.bdd.runner.TestRunner" name="runScenario" time="4.081"/>
  <system-out/>
  <testcase classname="com.bdd.runner.TestRunner" name="runScenario" time="4.237"/>
  <system-out/>
  <testcase classname="com.bdd.runner.TestRunner" name="runScenario" time="3.903"/>
  <system-out/>
  <testcase classname="com.bdd.runner.TestRunner" name="runScenario" time="3.639"/>
  <system-out/>
  <testcase classname="com.bdd.runner.TestRunner" name="runScenario" time="3.536"/>
  <system-out/>
  <testcase classname="com.bdd.runner.TestRunner" name="runScenario" time="1.672"/>
  <system-out/>
  <testcase classname="com.bdd.runner.TestRunner" name="runScenario" time="8.251"/>
  <system-out/>
  <testcase classname="com.bdd.runner.TestRunner" name="runScenario" time="4.514"/>
  <system-out/>
  <testcase classname="com.bdd.runner.TestRunner" name="runScenario" time="3.289"/>
  <system-out/>
  <testcase classname="com.bdd.runner.TestRunner" name="runScenario" time="1.611"/>
  <system-out/>
  <testcase classname="com.bdd.runner.TestRunner" name="runScenario" time="3.910"/>
  <system-out/>
  <testcase classname="com.bdd.runner.TestRunner" name="runScenario" time="1.281"/>
  <system-out/>
  <testcase classname="com.bdd.runner.TestRunner" name="runScenario" time="3.768"/>
  <system-out/>
  <testcase classname="com.bdd.runner.TestRunner" name="runScenario" time="5.600"/>
  <system-out/>
  <testcase classname="com.bdd.runner.TestRunner" name="runScenario" time="0.594"/>
  <system-out/>
  <testcase classname="com.bdd.runner.TestRunner" name="runScenario" time="1.510"/>
  <system-out/>
</testsuite> <!-- com.bdd.runner.TestRunner -->
